<?xml version="1.0" encoding="UTF-8"?>
<testng-results skipped="0" failed="0" ignored="0" total="1" passed="1">
  <reporter-output>
  </reporter-output>
  <suite name="Suite" duration-ms="31078" started-at="2019-07-18T02:34:46Z" finished-at="2019-07-18T02:35:17Z">
    <groups>
    </groups>
    <test name="Test" duration-ms="31078" started-at="2019-07-18T02:34:46Z" finished-at="2019-07-18T02:35:17Z">
      <class name="com.orangehrm.testcases.LoginTestHRM">
        <test-method status="PASS" signature="setupSuite()[pri:0, instance:com.orangehrm.testcases.LoginTestHRM@42e26948]" name="setupSuite" is-config="true" duration-ms="31" started-at="2019-07-18T02:34:45Z" finished-at="2019-07-18T02:34:46Z">
          <reporter-output>
          </reporter-output>
        </test-method> <!-- setupSuite -->
        <test-method status="PASS" signature="setup()[pri:0, instance:com.orangehrm.testcases.LoginTestHRM@42e26948]" name="setup" is-config="true" duration-ms="25008" started-at="2019-07-18T02:34:46Z" finished-at="2019-07-18T02:35:11Z">
          <reporter-output>
          </reporter-output>
        </test-method> <!-- setup -->
        <test-method status="PASS" signature="loginApp(java.lang.String, java.lang.String)[pri:0, instance:com.orangehrm.testcases.LoginTestHRM@42e26948]" name="loginApp" duration-ms="1599" started-at="2019-07-18T02:35:14Z" data-provider="userCredentials" finished-at="2019-07-18T02:35:16Z">
          <params>
            <param index="0">
              <value>
                <![CDATA[admin1]]>
              </value>
            </param>
            <param index="1">
              <value>
                <![CDATA[admin123]]>
              </value>
            </param>
          </params>
          <reporter-output>
          </reporter-output>
        </test-method> <!-- loginApp -->
        <test-method status="PASS" signature="tearDownMethod(org.testng.ITestResult)[pri:0, instance:com.orangehrm.testcases.LoginTestHRM@42e26948]" name="tearDownMethod" is-config="true" duration-ms="643" started-at="2019-07-18T02:35:16Z" finished-at="2019-07-18T02:35:17Z">
          <params>
            <param index="0">
              <value>
                <![CDATA[[TestResult name=loginApp status=SUCCESS method=LoginTestHRM.loginApp(java.lang.String, java.lang.String)[pri:0, instance:com.orangehrm.testcases.LoginTestHRM@42e26948] output={null}]]]>
              </value>
            </param>
          </params>
          <reporter-output>
          </reporter-output>
        </test-method> <!-- tearDownMethod -->
      </class> <!-- com.orangehrm.testcases.LoginTestHRM -->
    </test> <!-- Test -->
  </suite> <!-- Suite -->
</testng-results>
